Script started...
  -> 已保存 validation_PFR_Mixed.csv, 数据点数: 20
正在生成 CSTR 验证数据 (CSTR_LH_Kinetics)...
  -> 已保存 validation_CSTR_LH.csv, 数据点数: 20
正在生成 Batch 验证数据 (Batch_Series)...
  -> 已保存 validation_Batch_Series.csv, 数据点数: 24
Script started...
  -> 已保存 validation_PFR_Mixed.csv, 数据点数: 20
正在生成 PFR 验证数据 (PFR_LH_Kinetics)...
  -> 已保存 validation_PFR_LH.csv, 数据点数: 20
正在生成 Batch 验证数据 (Batch_Series)...
  -> 已保存 validation_Batch_Series.csv, 数据点数: 24
Script started...
  -> 已保存 validation_PFR_Mixed.csv, 数据点数: 20
正在生成 PFR 验证数据 (PFR_LH_Kinetics)...
  -> 已保存 validation_PFR_LH.csv, 数据点数: 20
正在生成 Batch 验证数据 (Batch_Series)...
  -> 已保存 validation_Batch_Series.csv, 数据点数: 24
Script started...
  -> 已保存 validation_PFR_Mixed.csv, 数据点数: 20
正在生成 PFR 验证数据 (PFR_LH_Kinetics)...
  -> 已保存 validation_PFR_LH.csv, 数据点数: 20
正在生成 Batch 验证数据 (Batch_Series)...
  -> 已保存 validation_Batch_Series.csv, 数据点数: 24
Script started...
  -> 已保存 validation_PFR_Mixed.csv, 数据点数: 20
正在生成 PFR 验证数据 (PFR_LH_Kinetics)...
  -> 已保存 validation_PFR_LH.csv, 数据点数: 20
正在生成 Batch 验证数据 (Batch_Series)...
  -> 已保存 validation_Batch_Series.csv, 数据点数: 24
Script started...
  -> 已保存 validation_PFR_Mixed.csv, 数据点数: 20
正在生成 PFR 验证数据 (PFR_LH_Kinetics)...
  -> 已保存 validation_PFR_LH.csv, 数据点数: 20
正在生成 Batch 验证数据 (Batch_Series)...
  -> 已保存 validation_Batch_Series.csv, 数据点数: 24
Script started...
  -> 已保存 validation_PFR_Mixed.csv, 数据点数: 20
正在生成 PFR 验证数据 (PFR_LH_Kinetics)...
  -> 已保存 validation_PFR_LH.csv, 数据点数: 20
正在生成 Batch 验证数据 (Batch_Series)...
  -> 已保存 validation_Batch_Series.csv, 数据点数: 24
Script started...
  -> 已保存 validation_PFR_Mixed.csv, 数据点数: 20
正在生成 PFR 验证数据 (PFR_LH_Kinetics)...
Script started...
  -> 已保存 validation_PFR_Mixed.csv, 数据点数: 20
正在生成 PFR 验证数据 (PFR_LH_Kinetics)...
  -> 已保存 validation_PFR_LH.csv, 数据点数: 20
正在生成 Batch 验证数据 (Batch_Series)...
  -> 已保存 validation_Batch_Series.csv, 数据点数: 24
Script started...
  -> 已保存 validation_PFR_Mixed.csv, 数据点数: 20
正在生成 PFR 验证数据 (PFR_LH_Kinetics)...
  -> 已保存 validation_PFR_LH.csv, 数据点数: 20
正在生成 Batch 验证数据 (Batch_Series)...
  -> 已保存 validation_Batch_Series.csv, 数据点数: 24
Script started...
  -> 已保存 validation_PFR_Mixed.csv, 数据点数: 20
正在生成 PFR 验证数据 (PFR_LH_Kinetics)...
  -> 已保存 validation_PFR_LH.csv, 数据点数: 20
正在生成 Batch 验证数据 (Batch_Series)...
  -> 已保存 validation_Batch_Series.csv, 数据点数: 24
Script started...
  -> 已保存 validation_PFR_Mixed.csv, 数据点数: 20
正在生成 PFR 验证数据 (PFR_LH_Kinetics)...
  -> 已保存 validation_PFR_LH.csv, 数据点数: 20
正在生成 Batch 验证数据 (Batch_Series)...
  -> 已保存 validation_Batch_Series.csv, 数据点数: 24
Script started...
  -> 已保存 validation_PFR_Mixed.csv, 数据点数: 20
正在生成 PFR 验证数据 (PFR_LH_Kinetics)...
Script started...
  -> 已保存 validation_PFR_Mixed.csv, 数据点数: 20
正在生成 PFR 验证数据 (PFR_LH_Kinetics)...
  -> 已保存 validation_PFR_LH.csv, 数据点数: 20
正在生成 Batch 验证数据 (Batch_Series)...
  -> 已保存 validation_Batch_Series.csv, 数据点数: 24
Script started...
  -> 已保存 validation_PFR_Mixed.csv, 数据点数: 20
正在生成 PFR 验证数据 (PFR_LH_Kinetics)...
  -> 已保存 validation_PFR_LH.csv, 数据点数: 20
正在生成 Batch 验证数据 (Batch_Series)...
  -> 已保存 validation_Batch_Series.csv, 数据点数: 24
Script started...
Script started...
  -> 已保存 validation_PFR_Mixed.csv, 数据点数: 20
正在生成 PFR 验证数据 (PFR_LH_Kinetics)...
  -> 已保存 validation_PFR_LH.csv, 数据点数: 20
正在生成 Batch 验证数据 (Batch_Series)...
  -> 已保存 validation_Batch_Series.csv, 数据点数: 24
Script started...
  -> 已保存 validation_PFR_Mixed.csv, 数据点数: 20
正在生成 PFR 验证数据 (PFR_LH_Kinetics)...
  -> 已保存 validation_PFR_LH.csv, 数据点数: 20
正在生成 Batch 验证数据 (Batch_Series)...
  -> 已保存 validation_Batch_Series.csv, 数据点数: 24
Script started...
  -> 已保存 validation_PFR_Mixed.csv, 数据点数: 20
正在生成 PFR 验证数据 (PFR_LH_Kinetics)...
  -> 已保存 validation_PFR_LH.csv, 数据点数: 20
正在生成 Batch 验证数据 (Batch_Series)...
  -> 已保存 validation_Batch_Series.csv, 数据点数: 24
Script started...
  -> 已保存 validation_PFR_Mixed.csv, 数据点数: 20
正在生成 PFR 验证数据 (PFR_LH_Kinetics)...
  -> 已保存 validation_PFR_LH.csv, 数据点数: 20
正在生成 Batch 验证数据 (Batch_Series)...
  -> 已保存 validation_Batch_Series.csv, 数据点数: 24
Script started...
  -> 已保存 validation_PFR_Mixed.csv, 数据点数: 20
正在生成 PFR 验证数据 (PFR_LH_Kinetics)...
  -> 已保存 validation_PFR_LH.csv, 数据点数: 20
正在生成 Batch 验证数据 (Batch_Series)...
  -> 已保存 validation_Batch_Series.csv, 数据点数: 24
Script started...
  -> 已保存 validation_PFR_Mixed.csv, 数据点数: 20
正在生成 PFR 验证数据 (PFR_LH_Kinetics)...
  -> 已保存 validation_PFR_LH.csv, 数据点数: 20
正在生成 Batch 验证数据 (Batch_Series)...
  -> 已保存 validation_Batch_Series.csv, 数据点数: 24
Script started...
  -> 已保存 validation_PFR_Mixed.csv, 数据点数: 20
正在生成 PFR 验证数据 (PFR_LH_Kinetics)...
  -> 已保存 validation_PFR_LH.csv, 数据点数: 20
正在生成 Batch 验证数据 (Batch_Series)...
  -> 已保存 validation_Batch_Series.csv, 数据点数: 24
Script started...
  -> 已保存 validation_PFR_Mixed.csv, 数据点数: 20
正在生成 PFR 验证数据 (PFR_LH_Kinetics)...
  -> 已保存 validation_PFR_LH.csv, 数据点数: 20
正在生成 Batch 验证数据 (Batch_Series)...
  -> 已保存 validation_Batch_Series.csv, 数据点数: 24
Script started...
  -> 已保存 validation_PFR_Mixed.csv, 数据点数: 20
正在生成 PFR 验证数据 (PFR_LH_Kinetics)...
  -> 已保存 validation_PFR_LH.csv, 数据点数: 20
正在生成 Batch 验证数据 (Batch_Series)...
  -> 已保存 validation_Batch_Series.csv, 数据点数: 24
Script started...
  -> 已保存 validation_PFR_Mixed.csv, 数据点数: 20
正在生成 PFR 验证数据 (PFR_LH_Kinetics)...
  -> 已保存 validation_PFR_LH.csv, 数据点数: 20
正在生成 Batch 验证数据 (Batch_Series)...
  -> 已保存 validation_Batch_Series.csv, 数据点数: 24
Script started...
  -> 已保存 validation_PFR_Mixed.csv, 数据点数: 20
正在生成 PFR 验证数据 (PFR_LH_Kinetics)...
  -> 已保存 validation_PFR_LH.csv, 数据点数: 20
正在生成 Batch 验证数据 (Batch_Series)...
  -> 已保存 validation_Batch_Series.csv, 数据点数: 24
Script started...
  -> 已保存 validation_PFR_Mixed.csv, 数据点数: 20
正在生成 PFR 验证数据 (PFR_LH_Kinetics)...
  -> 已保存 validation_PFR_LH.csv, 数据点数: 20
正在生成 Batch 验证数据 (Batch_Series)...
  -> 已保存 validation_Batch_Series.csv, 数据点数: 24
Script started...
  -> 已保存 validation_PFR_Mixed.csv, 数据点数: 20
正在生成 PFR 验证数据 (PFR_LH_Kinetics)...
  -> 已保存 validation_PFR_LH.csv, 数据点数: 20
正在生成 Batch 验证数据 (Batch_Series)...
  -> 已保存 validation_Batch_Series.csv, 数据点数: 24
Script started...
  -> 已保存 validation_PFR_Mixed.csv, 数据点数: 20
正在生成 PFR 验证数据 (PFR_LH_Kinetics)...
  -> 已保存 validation_PFR_LH.csv, 数据点数: 20
正在生成 Batch 验证数据 (Batch_Series)...
  -> 已保存 validation_Batch_Series.csv, 数据点数: 24
Script started...
  -> 已保存 validation_PFR_Mixed.csv, 数据点数: 20
正在生成 PFR 验证数据 (PFR_LH_Kinetics)...
  -> 已保存 validation_PFR_LH.csv, 数据点数: 20
正在生成 Batch 验证数据 (Batch_Series)...
  -> 已保存 validation_Batch_Series.csv, 数据点数: 24
Script started...
  -> 已保存 validation_PFR_Mixed.csv, 数据点数: 20
正在生成 PFR 验证数据 (PFR_LH_Kinetics)...
  -> 已保存 validation_PFR_LH.csv, 数据点数: 20
正在生成 Batch 验证数据 (Batch_Series)...
  -> 已保存 validation_Batch_Series.csv, 数据点数: 24
Script started...
  -> 已保存 validation_PFR_Mixed.csv, 数据点数: 20
正在生成 PFR 验证数据 (PFR_LH_Kinetics)...
  -> 已保存 validation_PFR_LH.csv, 数据点数: 20
正在生成 Batch 验证数据 (Batch_Series)...
  -> 已保存 validation_Batch_Series.csv, 数据点数: 24
Script started...
  -> 已保存 validation_PFR_Mixed.csv, 数据点数: 20
正在生成 PFR 验证数据 (PFR_LH_Kinetics)...
  -> 已保存 validation_PFR_LH.csv, 数据点数: 20
正在生成 Batch 验证数据 (Batch_Series)...
  -> 已保存 validation_Batch_Series.csv, 数据点数: 24
Script started...
  -> 已保存 validation_PFR_Mixed.csv, 数据点数: 20
正在生成 PFR 验证数据 (PFR_LH_Kinetics)...
  -> 已保存 validation_PFR_LH.csv, 数据点数: 20
正在生成 Batch 验证数据 (Batch_Series)...
  -> 已保存 validation_Batch_Series.csv, 数据点数: 24
Script started...
  -> 已保存 validation_PFR_Mixed.csv, 数据点数: 20
正在生成 PFR 验证数据 (PFR_LH_Kinetics)...
  -> 已保存 validation_PFR_LH.csv, 数据点数: 20
正在生成 Batch 验证数据 (Batch_Series)...
  -> 已保存 validation_Batch_Series.csv, 数据点数: 24
